  Enemy_BluePig.cpp
  MainMenu.cpp
c:\users\joan abad\documents\joan abad\sfml\sfml\sfml_zeldagame\sfml\sfml\mainmenu.cpp(71): warning C4129: 'N': unrecognized character escape sequence
c:\users\joan abad\documents\joan abad\sfml\sfml\sfml_zeldagame\sfml\sfml\mainmenu.cpp(74): warning C4244: 'argument': conversion from 'T' to 'float', possible loss of data
          with
          [
              T=unsigned int
          ]
c:\users\joan abad\documents\joan abad\sfml\sfml\sfml_zeldagame\sfml\sfml\mainmenu.cpp(75): warning C4244: 'argument': conversion from 'T' to 'float', possible loss of data
          with
          [
              T=unsigned int
          ]
c:\users\joan abad\documents\joan abad\sfml\sfml\sfml_zeldagame\sfml\sfml\mainmenu.cpp(96): warning C4129: 'E': unrecognized character escape sequence
  Map.cpp
c:\users\joan abad\documents\joan abad\sfml\sfml\sfml_zeldagame\sfml\sfml\map.cpp(214): warning C4018: '<': signed/unsigned mismatch
  Player.cpp
c:\users\joan abad\documents\joan abad\sfml\sfml\sfml_zeldagame\sfml\sfml\player.cpp(19): warning C4244: 'argument': conversion from 'T' to 'float', possible loss of data
          with
          [
              T=unsigned int
          ]
c:\users\joan abad\documents\joan abad\sfml\sfml\sfml_zeldagame\sfml\sfml\player.cpp(30): warning C4244: 'argument': conversion from 'double' to 'float', possible loss of data
  Room.cpp
  SFML.cpp
c:\users\joan abad\documents\joan abad\sfml\sfml\sfml_zeldagame\sfml\sfml\sfml.cpp(67): warning C4244: 'argument': conversion from 'const T' to 'unsigned int', possible loss of data
          with
          [
              T=float
          ]
  SavingSystem.cpp
c:\users\joan abad\documents\joan abad\sfml\sfml\sfml_zeldagame\sfml\sfml\savingsystem.cpp(52): warning C4018: '<': signed/unsigned mismatch
  Generating Code...
  SFML.vcxproj -> C:\Users\Joan Abad\Documents\Joan Abad\SFML\SFML\SFML_ZeldaGame\SFML\Debug\SFML.exe
