c:\users\joan abad\documents\joan abad\sfml\sfml\sfml_zeldagame\sfml\sfml\debug\vc141.pdb
c:\users\joan abad\documents\joan abad\sfml\sfml\sfml_zeldagame\sfml\sfml\debug\vc141.idb
c:\users\joan abad\documents\joan abad\sfml\sfml\sfml_zeldagame\sfml\sfml\debug\victoryscreen.obj
c:\users\joan abad\documents\joan abad\sfml\sfml\sfml_zeldagame\sfml\sfml\debug\victoryitem.obj
c:\users\joan abad\documents\joan abad\sfml\sfml\sfml_zeldagame\sfml\sfml\debug\sfml.obj
c:\users\joan abad\documents\joan abad\sfml\sfml\sfml_zeldagame\sfml\sfml\debug\savingsystem.obj
c:\users\joan abad\documents\joan abad\sfml\sfml\sfml_zeldagame\sfml\sfml\debug\roompiece.obj
c:\users\joan abad\documents\joan abad\sfml\sfml\sfml_zeldagame\sfml\sfml\debug\room.obj
c:\users\joan abad\documents\joan abad\sfml\sfml\sfml_zeldagame\sfml\sfml\debug\player.obj
c:\users\joan abad\documents\joan abad\sfml\sfml\sfml_zeldagame\sfml\sfml\debug\map.obj
c:\users\joan abad\documents\joan abad\sfml\sfml\sfml_zeldagame\sfml\sfml\debug\mainmenu.obj
c:\users\joan abad\documents\joan abad\sfml\sfml\sfml_zeldagame\sfml\sfml\debug\graphicsutils.obj
c:\users\joan abad\documents\joan abad\sfml\sfml\sfml_zeldagame\sfml\sfml\debug\entity.obj
c:\users\joan abad\documents\joan abad\sfml\sfml\sfml_zeldagame\sfml\sfml\debug\enemy_bluepig.obj
c:\users\joan abad\documents\joan abad\sfml\sfml\sfml_zeldagame\sfml\sfml\debug\bullet.obj
c:\users\joan abad\documents\joan abad\sfml\sfml\sfml_zeldagame\sfml\debug\sfml.exe
c:\users\joan abad\documents\joan abad\sfml\sfml\sfml_zeldagame\sfml\debug\sfml.ilk
c:\users\joan abad\documents\joan abad\sfml\sfml\sfml_zeldagame\sfml\debug\sfml.pdb
c:\users\joan abad\documents\joan abad\sfml\sfml\sfml_zeldagame\sfml\sfml\debug\sfml.res
c:\users\joan abad\documents\joan abad\sfml\sfml\sfml_zeldagame\sfml\sfml\debug\sfml.tlog\cl.command.1.tlog
c:\users\joan abad\documents\joan abad\sfml\sfml\sfml_zeldagame\sfml\sfml\debug\sfml.tlog\cl.read.1.tlog
c:\users\joan abad\documents\joan abad\sfml\sfml\sfml_zeldagame\sfml\sfml\debug\sfml.tlog\cl.write.1.tlog
c:\users\joan abad\documents\joan abad\sfml\sfml\sfml_zeldagame\sfml\sfml\debug\sfml.tlog\link.command.1.tlog
c:\users\joan abad\documents\joan abad\sfml\sfml\sfml_zeldagame\sfml\sfml\debug\sfml.tlog\link.read.1.tlog
c:\users\joan abad\documents\joan abad\sfml\sfml\sfml_zeldagame\sfml\sfml\debug\sfml.tlog\link.write.1.tlog
c:\users\joan abad\documents\joan abad\sfml\sfml\sfml_zeldagame\sfml\sfml\debug\sfml.tlog\rc.command.1.tlog
c:\users\joan abad\documents\joan abad\sfml\sfml\sfml_zeldagame\sfml\sfml\debug\sfml.tlog\rc.read.1.tlog
c:\users\joan abad\documents\joan abad\sfml\sfml\sfml_zeldagame\sfml\sfml\debug\sfml.tlog\rc.write.1.tlog
